<?xml version="1.0" encoding="UTF-8"?>
<testng-results ignored="0" total="1" passed="1" failed="0" skipped="0">
  <reporter-output>
  </reporter-output>
  <suite started-at="2024-03-27T18:49:40 IST" name="Default suite" finished-at="2024-03-27T18:50:23 IST" duration-ms="43489">
    <groups>
    </groups>
    <test started-at="2024-03-27T18:49:40 IST" name="Default test" finished-at="2024-03-27T18:50:23 IST" duration-ms="43489">
      <class name="Testpkg.Testclass">
        <test-method is-config="true" signature="setUp()[pri:0, instance:Testpkg.Testclass@d86a6f]" started-at="2024-03-27T18:49:40 IST" name="setUp" finished-at="2024-03-27T18:49:51 IST" duration-ms="10650" status="PASS">
          <reporter-output>
          </reporter-output>
        </test-method> <!-- setUp -->
        <test-method signature="verifyLoginWithValidCred()[pri:0, instance:Testpkg.Testclass@d86a6f]" started-at="2024-03-27T18:49:51 IST" name="verifyLoginWithValidCred" finished-at="2024-03-27T18:50:23 IST" duration-ms="32757" status="PASS">
          <reporter-output>
          </reporter-output>
        </test-method> <!-- verifyLoginWithValidCred -->
      </class> <!-- Testpkg.Testclass -->
    </test> <!-- Default test -->
  </suite> <!-- Default suite -->
</testng-results>
